<?xml version="1.0" encoding="UTF-8"?>
<!-- Generated by org.testng.reporters.JUnitReportReporter -->
<testsuite hostname="LAPTOP-32GN0UI0" failures="0" tests="1" name="test.PhpTravels.AppTest" time="2.376" errors="0" timestamp="3 Nov 2022 14:04:40 GMT">
  <testcase classname="test.PhpTravels.AppTest" name="test" time="2.376"/>
</testsuite> <!-- test.PhpTravels.AppTest -->
