<?xml version="1.0" encoding="UTF-8"?>
<!-- Generated by org.testng.reporters.JUnitReportReporter -->
<testsuite hostname="LAPTOP-32GN0UI0" failures="0" tests="1" name="test.PhpTravels.AppTest" time="3.456" errors="0" timestamp="23 Nov 2022 14:01:14 GMT">
  <testcase classname="test.PhpTravels.AppTest" name="testAppTest" time="3.456"/>
</testsuite> <!-- test.PhpTravels.AppTest -->
