<?xml version="1.0" encoding="UTF-8"?>
<!-- Generated by org.testng.reporters.JUnitReportReporter -->
<testsuite hostname="LAPTOP-32GN0UI0" failures="0" tests="1" name="test.PhpTravels.TestNGAnnotations" time="0.003" errors="0" timestamp="18 Nov 2022 14:08:30 GMT">
  <testcase classname="test.PhpTravels.TestNGAnnotations" name="test" time="0.003"/>
</testsuite> <!-- test.PhpTravels.TestNGAnnotations -->
