<?xml version="1.0" encoding="UTF-8"?>
<!-- Generated by org.testng.reporters.JUnitReportReporter -->
<testsuite hostname="LAPTOP-32GN0UI0" failures="0" tests="1" name="test.PhpTravels.AppTest" time="3.962" errors="0" timestamp="18 Nov 2022 15:22:21 GMT">
  <testcase classname="test.PhpTravels.AppTest" name="testAppTest" time="3.962"/>
</testsuite> <!-- test.PhpTravels.AppTest -->
