<?xml version="1.0" encoding="UTF-8"?>
<!-- Generated by org.testng.reporters.JUnitReportReporter -->
<testsuite hostname="LAPTOP-32GN0UI0" failures="0" tests="1" name="test.PhpTravels.AppTest" time="3.743" errors="0" timestamp="22 Nov 2022 14:25:16 GMT">
  <testcase classname="test.PhpTravels.AppTest" name="testAppTest" time="3.743"/>
</testsuite> <!-- test.PhpTravels.AppTest -->
