<?xml version="1.0" encoding="UTF-8"?>
<!-- Generated by org.testng.reporters.JUnitReportReporter -->
<testsuite hostname="LAPTOP-32GN0UI0" failures="0" tests="2" name="test.PhpTravels.SeleTest" time="10.742" errors="0" timestamp="22 Nov 2022 14:25:16 GMT">
  <testcase classname="test.PhpTravels.SeleTest" name="testSeleTest" time="9.889"/>
  <testcase classname="test.PhpTravels.SeleTest" name="testAppTest" time="0.853"/>
</testsuite> <!-- test.PhpTravels.SeleTest -->
