<?xml version="1.0" encoding="UTF-8"?>
<!-- Generated by org.testng.reporters.JUnitReportReporter -->
<testsuite hostname="LAPTOP-32GN0UI0" failures="0" tests="2" name="test.PhpTravels.SeleTest" time="15.000" errors="0" timestamp="18 Nov 2022 15:22:21 GMT">
  <testcase classname="test.PhpTravels.SeleTest" name="testAppTest" time="1.256"/>
  <testcase classname="test.PhpTravels.SeleTest" name="testSeleTest" time="13.744"/>
</testsuite> <!-- test.PhpTravels.SeleTest -->
